<?xml version="1.0" encoding="UTF-8"?>
<!-- Generated by org.testng.reporters.JUnitReportReporter -->
<testsuite hostname="COS-874531-L1" failures="0" tests="1" name="teststart.testtwo" time="0.010" errors="0" timestamp="29 Apr 2018 15:58:14 GMT" skipped="0">
  <testcase classname="teststart.testtwo" name="Demo3" time="0.010"/>
</testsuite> <!-- teststart.testtwo -->
