<?xml version="1.0" encoding="UTF-8"?>
<!-- Generated by org.testng.reporters.JUnitReportReporter -->
<testsuite hostname="COS-874531-L1" failures="0" tests="1" name="teststart.Test2" time="0.002" errors="0" timestamp="2019-11-04T22:54:15 MST" skipped="0">
  <testcase classname="teststart.Test2" name="Demo3" time="0.002"/>
</testsuite> <!-- teststart.Test2 -->
