<?xml version="1.0" encoding="UTF-8"?>
<!-- Generated by org.testng.reporters.JUnitReportReporter -->
<testsuite hostname="COS-874531-L1" failures="0" tests="1" name="testngFiles.Annot" time="10.863" errors="0" timestamp="17 Jan 2019 16:01:46 GMT" skipped="0">
  <testcase classname="testngFiles.Annot" name="Login" time="10.863"/>
</testsuite> <!-- testngFiles.Annot -->
