<?xml version="1.0" encoding="UTF-8"?>
<!-- Generated by org.testng.reporters.JUnitReportReporter -->
<testsuite hostname="COS-874531-L1" failures="0" tests="2" name="teststart.testone" time="0.010" errors="0" timestamp="03 May 2018 16:56:06 GMT" skipped="0">
  <testcase classname="teststart.testone" name="Demo2" time="0.001"/>
  <testcase classname="teststart.testone" name="Demo1" time="0.009"/>
</testsuite> <!-- teststart.testone -->
